生成启动时间为 2019/3/21 16:57:31。
     1>项目“C:\Users\没事干\documents\visual studio 2013\Projects\CodeCraft\MyCode\MyCode.vcxproj”在节点 2 上(Build 个目标)。
     1>ClCompile:
         C:\Program Files (x86)\Microsoft Visual Studio 12.0\VC\bin\CL.exe /c /ZI /nologo /W3 /WX- /sdl /Od /Oy- /D WIN32 /D _DEBUG /D _CONSOLE /D _LIB /D _UNICODE /D UNICODE /Gm /EHsc /RTC1 /MDd /GS /fp:precise /Zc:wchar_t /Zc:forScope /Fo"Debug\\" /Fd"Debug\vc120.pdb" /Gd /TP /analyze- /errorReport:prompt MyPredict.cpp
         MyPredict.cpp
     1>c:\users\没事干\documents\visual studio 2013\projects\codecraft\mycode\mypredict.cpp(20): warning C4018: “<”: 有符号/无符号不匹配
     1>c:\users\没事干\documents\visual studio 2013\projects\codecraft\mycode\mypredict.cpp(53): warning C4018: “<=”: 有符号/无符号不匹配
     1>c:\users\没事干\documents\visual studio 2013\projects\codecraft\mycode\mypredict.cpp(67): warning C4018: “<=”: 有符号/无符号不匹配
     1>c:\users\没事干\documents\visual studio 2013\projects\codecraft\mycode\mypredict.cpp(89): warning C4018: “<=”: 有符号/无符号不匹配
       Link:
         C:\Program Files (x86)\Microsoft Visual Studio 12.0\VC\bin\link.exe /ERRORREPORT:PROMPT /OUT:"C:\Users\没事干\documents\visual studio 2013\Projects\CodeCraft\Debug\MyCode.exe" /INCREMENTAL /NOLOGO kernel32.lib user32.lib gdi32.lib winspool.lib comdlg32.lib advapi32.lib shell32.lib ole32.lib oleaut32.lib uuid.lib odbc32.lib odbccp32.lib /MANIFEST /MANIFESTUAC:"level='asInvoker' uiAccess='false'" /manifest:embed /DEBUG /PDB:"C:\Users\没事干\documents\visual studio 2013\Projects\CodeCraft\Debug\MyCode.pdb" /SUBSYSTEM:CONSOLE /TLBID:1 /DYNAMICBASE /NXCOMPAT /IMPLIB:"C:\Users\没事干\documents\visual studio 2013\Projects\CodeCraft\Debug\MyCode.lib" /MACHINE:X86 Debug\DataProcessing.obj
         Debug\ecs.obj
         Debug\io.obj
         Debug\MyPredict.obj
         Debug\Packing.obj
         Debug\predict.obj
         MyCode.vcxproj -> C:\Users\没事干\documents\visual studio 2013\Projects\CodeCraft\Debug\MyCode.exe
     1>已完成生成项目“C:\Users\没事干\documents\visual studio 2013\Projects\CodeCraft\MyCode\MyCode.vcxproj”(Build 个目标)的操作。

生成成功。

已用时间 00:00:01.51
